2020-03-29 12:48:10.143 [main] INFO  com.sjkcxx.SjkcxxApplication - Starting SjkcxxApplication on DTT with PID 14176 (started by 小霸王 in D:\My Documents\java_workspace\Intellij\work\sjkcxx)
2020-03-29 12:48:10.146 [main] INFO  com.sjkcxx.SjkcxxApplication - No active profile set, falling back to default profiles: default
2020-03-29 12:48:10.973 [main] INFO  o.s.boot.web.embedded.tomcat.TomcatWebServer - Tomcat initialized with port(s): 8080 (http)
2020-03-29 12:48:10.979 [main] INFO  org.apache.coyote.http11.Http11NioProtocol - Initializing ProtocolHandler ["http-nio-8080"]
2020-03-29 12:48:10.980 [main] INFO  org.apache.catalina.core.StandardService - Starting service [Tomcat]
2020-03-29 12:48:10.980 [main] INFO  org.apache.catalina.core.StandardEngine - Starting Servlet engine: [Apache Tomcat/9.0.30]
2020-03-29 12:48:11.164 [main] INFO  org.apache.jasper.servlet.TldScanner - At least one JAR was scanned for TLDs yet contained no TLDs. Enable debug logging for this logger for a complete list of JARs that were scanned but no TLDs were found in them. Skipping unneeded JARs during scanning can improve startup time and JSP compilation time.
2020-03-29 12:48:11.167 [main] INFO  o.a.c.core.ContainerBase.[Tomcat].[localhost].[/] - Initializing Spring embedded WebApplicationContext
2020-03-29 12:48:11.167 [main] INFO  org.springframework.web.context.ContextLoader - Root WebApplicationContext: initialization completed in 986 ms
2020-03-29 12:48:11.967 [main] INFO  o.s.scheduling.concurrent.ThreadPoolTaskExecutor - Initializing ExecutorService 'applicationTaskExecutor'
2020-03-29 12:48:12.012 [main] INFO  o.s.b.a.web.servlet.WelcomePageHandlerMapping - Adding welcome page template: index
2020-03-29 12:48:12.116 [main] INFO  org.apache.coyote.http11.Http11NioProtocol - Starting ProtocolHandler ["http-nio-8080"]
2020-03-29 12:48:12.137 [main] INFO  o.s.boot.web.embedded.tomcat.TomcatWebServer - Tomcat started on port(s): 8080 (http) with context path ''
2020-03-29 12:48:12.139 [main] INFO  com.sjkcxx.SjkcxxApplication - Started SjkcxxApplication in 2.307 seconds (JVM running for 3.081)
2020-03-29 12:48:18.179 [http-nio-8080-exec-1] INFO  org.apache.tomcat.util.http.parser.Cookie - A cookie header was received [1585359746,1585379598,1585454126; Hm_lpvt_d97abf6d61c21d773f97835defbdef4e=1585456783; JSESSIONID=3ADBCED0BD4C74A6C6CDD57341994CBB] that contained an invalid cookie. That cookie will be ignored.
 Note: further occurrences of this error will be logged at DEBUG level.
2020-03-29 12:48:18.183 [http-nio-8080-exec-1] INFO  o.a.c.core.ContainerBase.[Tomcat].[localhost].[/] - Initializing Spring DispatcherServlet 'dispatcherServlet'
2020-03-29 12:48:18.184 [http-nio-8080-exec-1] INFO  org.springframework.web.servlet.DispatcherServlet - Initializing Servlet 'dispatcherServlet'
2020-03-29 12:48:18.189 [http-nio-8080-exec-1] INFO  org.springframework.web.servlet.DispatcherServlet - Completed initialization in 5 ms
2020-03-29 12:49:24.480 [main] INFO  com.sjkcxx.SjkcxxApplication - Starting SjkcxxApplication on DTT with PID 7116 (started by 小霸王 in D:\My Documents\java_workspace\Intellij\work\sjkcxx)
2020-03-29 12:49:24.497 [main] INFO  com.sjkcxx.SjkcxxApplication - No active profile set, falling back to default profiles: default
2020-03-29 12:49:25.197 [main] INFO  o.s.boot.web.embedded.tomcat.TomcatWebServer - Tomcat initialized with port(s): 8080 (http)
2020-03-29 12:49:25.202 [main] INFO  org.apache.coyote.http11.Http11NioProtocol - Initializing ProtocolHandler ["http-nio-8080"]
2020-03-29 12:49:25.202 [main] INFO  org.apache.catalina.core.StandardService - Starting service [Tomcat]
2020-03-29 12:49:25.202 [main] INFO  org.apache.catalina.core.StandardEngine - Starting Servlet engine: [Apache Tomcat/9.0.30]
2020-03-29 12:49:25.367 [main] INFO  org.apache.jasper.servlet.TldScanner - At least one JAR was scanned for TLDs yet contained no TLDs. Enable debug logging for this logger for a complete list of JARs that were scanned but no TLDs were found in them. Skipping unneeded JARs during scanning can improve startup time and JSP compilation time.
2020-03-29 12:49:25.369 [main] INFO  o.a.c.core.ContainerBase.[Tomcat].[localhost].[/] - Initializing Spring embedded WebApplicationContext
2020-03-29 12:49:25.369 [main] INFO  org.springframework.web.context.ContextLoader - Root WebApplicationContext: initialization completed in 843 ms
2020-03-29 12:49:26.109 [main] INFO  o.s.scheduling.concurrent.ThreadPoolTaskExecutor - Initializing ExecutorService 'applicationTaskExecutor'
2020-03-29 12:49:26.147 [main] INFO  o.s.b.a.web.servlet.WelcomePageHandlerMapping - Adding welcome page template: index
2020-03-29 12:49:26.236 [main] INFO  org.apache.coyote.http11.Http11NioProtocol - Starting ProtocolHandler ["http-nio-8080"]
2020-03-29 12:49:26.255 [main] INFO  o.s.boot.web.embedded.tomcat.TomcatWebServer - Tomcat started on port(s): 8080 (http) with context path ''
2020-03-29 12:49:26.257 [main] INFO  com.sjkcxx.SjkcxxApplication - Started SjkcxxApplication in 1.999 seconds (JVM running for 2.688)
2020-03-29 15:50:59.679 [main] INFO  com.sjkcxx.SjkcxxApplication - Starting SjkcxxApplication on DTT with PID 16016 (started by 小霸王 in D:\My Documents\java_workspace\Intellij\work\sjkcxx)
2020-03-29 15:50:59.681 [main] INFO  com.sjkcxx.SjkcxxApplication - No active profile set, falling back to default profiles: default
2020-03-29 15:51:00.428 [main] INFO  o.s.boot.web.embedded.tomcat.TomcatWebServer - Tomcat initialized with port(s): 8080 (http)
2020-03-29 15:51:00.433 [main] INFO  org.apache.coyote.http11.Http11NioProtocol - Initializing ProtocolHandler ["http-nio-8080"]
2020-03-29 15:51:00.433 [main] INFO  org.apache.catalina.core.StandardService - Starting service [Tomcat]
2020-03-29 15:51:00.434 [main] INFO  org.apache.catalina.core.StandardEngine - Starting Servlet engine: [Apache Tomcat/9.0.30]
2020-03-29 15:51:00.599 [main] INFO  org.apache.jasper.servlet.TldScanner - At least one JAR was scanned for TLDs yet contained no TLDs. Enable debug logging for this logger for a complete list of JARs that were scanned but no TLDs were found in them. Skipping unneeded JARs during scanning can improve startup time and JSP compilation time.
2020-03-29 15:51:00.600 [main] INFO  o.a.c.core.ContainerBase.[Tomcat].[localhost].[/] - Initializing Spring embedded WebApplicationContext
2020-03-29 15:51:00.601 [main] INFO  org.springframework.web.context.ContextLoader - Root WebApplicationContext: initialization completed in 886 ms
2020-03-29 15:51:01.292 [main] INFO  o.s.scheduling.concurrent.ThreadPoolTaskExecutor - Initializing ExecutorService 'applicationTaskExecutor'
2020-03-29 15:51:01.339 [main] INFO  o.s.b.a.web.servlet.WelcomePageHandlerMapping - Adding welcome page template: index
2020-03-29 15:51:01.438 [main] INFO  org.apache.coyote.http11.Http11NioProtocol - Starting ProtocolHandler ["http-nio-8080"]
2020-03-29 15:51:01.457 [main] INFO  o.s.boot.web.embedded.tomcat.TomcatWebServer - Tomcat started on port(s): 8080 (http) with context path ''
2020-03-29 15:51:01.459 [main] INFO  com.sjkcxx.SjkcxxApplication - Started SjkcxxApplication in 2.051 seconds (JVM running for 2.693)
2020-03-29 15:51:02.666 [http-nio-8080-exec-1] INFO  org.apache.tomcat.util.http.parser.Cookie - A cookie header was received [1585359746,1585379598,1585454126; JSESSIONID=795880F7C418EFA35B53B1E98868A0B7] that contained an invalid cookie. That cookie will be ignored.
 Note: further occurrences of this error will be logged at DEBUG level.
2020-03-29 15:51:02.669 [http-nio-8080-exec-1] INFO  o.a.c.core.ContainerBase.[Tomcat].[localhost].[/] - Initializing Spring DispatcherServlet 'dispatcherServlet'
2020-03-29 15:51:02.670 [http-nio-8080-exec-1] INFO  org.springframework.web.servlet.DispatcherServlet - Initializing Servlet 'dispatcherServlet'
2020-03-29 15:51:02.674 [http-nio-8080-exec-1] INFO  org.springframework.web.servlet.DispatcherServlet - Completed initialization in 4 ms
2020-03-29 15:51:03.921 [http-nio-8080-exec-3] INFO  com.alibaba.druid.pool.DruidDataSource - {dataSource-1} inited
2020-03-29 15:54:55.416 [main] INFO  com.sjkcxx.SjkcxxApplication - Starting SjkcxxApplication on DTT with PID 788 (started by 小霸王 in D:\My Documents\java_workspace\Intellij\work\sjkcxx)
2020-03-29 15:54:55.432 [main] INFO  com.sjkcxx.SjkcxxApplication - No active profile set, falling back to default profiles: default
2020-03-29 15:54:56.159 [main] INFO  o.s.boot.web.embedded.tomcat.TomcatWebServer - Tomcat initialized with port(s): 8080 (http)
2020-03-29 15:54:56.159 [main] INFO  org.apache.coyote.http11.Http11NioProtocol - Initializing ProtocolHandler ["http-nio-8080"]
2020-03-29 15:54:56.159 [main] INFO  org.apache.catalina.core.StandardService - Starting service [Tomcat]
2020-03-29 15:54:56.159 [main] INFO  org.apache.catalina.core.StandardEngine - Starting Servlet engine: [Apache Tomcat/9.0.30]
2020-03-29 15:54:56.331 [main] INFO  org.apache.jasper.servlet.TldScanner - At least one JAR was scanned for TLDs yet contained no TLDs. Enable debug logging for this logger for a complete list of JARs that were scanned but no TLDs were found in them. Skipping unneeded JARs during scanning can improve startup time and JSP compilation time.
2020-03-29 15:54:56.331 [main] INFO  o.a.c.core.ContainerBase.[Tomcat].[localhost].[/] - Initializing Spring embedded WebApplicationContext
2020-03-29 15:54:56.331 [main] INFO  org.springframework.web.context.ContextLoader - Root WebApplicationContext: initialization completed in 868 ms
2020-03-29 15:54:57.041 [main] INFO  o.s.scheduling.concurrent.ThreadPoolTaskExecutor - Initializing ExecutorService 'applicationTaskExecutor'
2020-03-29 15:54:57.074 [main] INFO  o.s.b.a.web.servlet.WelcomePageHandlerMapping - Adding welcome page template: index
2020-03-29 15:54:57.168 [main] INFO  org.apache.coyote.http11.Http11NioProtocol - Starting ProtocolHandler ["http-nio-8080"]
2020-03-29 15:54:57.199 [main] INFO  o.s.boot.web.embedded.tomcat.TomcatWebServer - Tomcat started on port(s): 8080 (http) with context path ''
2020-03-29 15:54:57.199 [main] INFO  com.sjkcxx.SjkcxxApplication - Started SjkcxxApplication in 2.054 seconds (JVM running for 2.734)
2020-03-29 15:55:46.005 [SpringContextShutdownHook] INFO  o.s.scheduling.concurrent.ThreadPoolTaskExecutor - Shutting down ExecutorService 'applicationTaskExecutor'
2020-03-29 15:59:51.869 [main] INFO  com.sjkcxx.SjkcxxApplication - Starting SjkcxxApplication on DTT with PID 2648 (started by 小霸王 in D:\My Documents\java_workspace\Intellij\work\sjkcxx)
2020-03-29 15:59:51.871 [main] INFO  com.sjkcxx.SjkcxxApplication - No active profile set, falling back to default profiles: default
2020-03-29 15:59:54.118 [main] INFO  com.sjkcxx.SjkcxxApplication - Starting SjkcxxApplication on DTT with PID 14640 (started by 小霸王 in D:\My Documents\java_workspace\Intellij\work\sjkcxx)
2020-03-29 15:59:54.120 [main] INFO  com.sjkcxx.SjkcxxApplication - No active profile set, falling back to default profiles: default
2020-03-29 15:59:54.839 [main] INFO  o.s.boot.web.embedded.tomcat.TomcatWebServer - Tomcat initialized with port(s): 8080 (http)
2020-03-29 15:59:54.839 [main] INFO  org.apache.coyote.http11.Http11NioProtocol - Initializing ProtocolHandler ["http-nio-8080"]
2020-03-29 15:59:54.839 [main] INFO  org.apache.catalina.core.StandardService - Starting service [Tomcat]
2020-03-29 15:59:54.839 [main] INFO  org.apache.catalina.core.StandardEngine - Starting Servlet engine: [Apache Tomcat/9.0.30]
2020-03-29 15:59:55.011 [main] INFO  org.apache.jasper.servlet.TldScanner - At least one JAR was scanned for TLDs yet contained no TLDs. Enable debug logging for this logger for a complete list of JARs that were scanned but no TLDs were found in them. Skipping unneeded JARs during scanning can improve startup time and JSP compilation time.
2020-03-29 15:59:55.011 [main] INFO  o.a.c.core.ContainerBase.[Tomcat].[localhost].[/] - Initializing Spring embedded WebApplicationContext
2020-03-29 15:59:55.011 [main] INFO  org.springframework.web.context.ContextLoader - Root WebApplicationContext: initialization completed in 854 ms
2020-03-29 15:59:55.772 [main] INFO  o.s.scheduling.concurrent.ThreadPoolTaskExecutor - Initializing ExecutorService 'applicationTaskExecutor'
2020-03-29 15:59:55.815 [main] INFO  o.s.b.a.web.servlet.WelcomePageHandlerMapping - Adding welcome page template: index
2020-03-29 15:59:55.914 [main] INFO  org.apache.coyote.http11.Http11NioProtocol - Starting ProtocolHandler ["http-nio-8080"]
2020-03-29 15:59:55.935 [main] INFO  o.s.boot.web.embedded.tomcat.TomcatWebServer - Tomcat started on port(s): 8080 (http) with context path ''
2020-03-29 15:59:55.937 [main] INFO  com.sjkcxx.SjkcxxApplication - Started SjkcxxApplication in 2.124 seconds (JVM running for 2.873)
2020-03-29 15:59:56.128 [http-nio-8080-exec-1] INFO  org.apache.tomcat.util.http.parser.Cookie - A cookie header was received [1585359746,1585379598,1585454126; JSESSIONID=BBFDC6CF1BD95F9AC50ED23E9E55B09C] that contained an invalid cookie. That cookie will be ignored.
 Note: further occurrences of this error will be logged at DEBUG level.
2020-03-29 15:59:56.133 [http-nio-8080-exec-1] INFO  o.a.c.core.ContainerBase.[Tomcat].[localhost].[/] - Initializing Spring DispatcherServlet 'dispatcherServlet'
2020-03-29 15:59:56.133 [http-nio-8080-exec-1] INFO  org.springframework.web.servlet.DispatcherServlet - Initializing Servlet 'dispatcherServlet'
2020-03-29 15:59:56.137 [http-nio-8080-exec-1] INFO  org.springframework.web.servlet.DispatcherServlet - Completed initialization in 4 ms
2020-03-29 15:59:57.412 [http-nio-8080-exec-4] INFO  com.alibaba.druid.pool.DruidDataSource - {dataSource-1} inited
2020-03-29 16:01:26.094 [SpringContextShutdownHook] INFO  o.s.scheduling.concurrent.ThreadPoolTaskExecutor - Shutting down ExecutorService 'applicationTaskExecutor'
2020-03-29 16:01:26.096 [SpringContextShutdownHook] INFO  com.alibaba.druid.pool.DruidDataSource - {dataSource-1} closed
2020-03-29 17:53:22.988 [main] INFO  com.sjkcxx.SjkcxxApplication - Starting SjkcxxApplication on DTT with PID 14412 (started by 小霸王 in D:\My Documents\java_workspace\Intellij\work\sjkcxx)
2020-03-29 17:53:22.990 [main] INFO  com.sjkcxx.SjkcxxApplication - No active profile set, falling back to default profiles: default
2020-03-29 17:53:23.632 [main] INFO  o.s.boot.web.embedded.tomcat.TomcatWebServer - Tomcat initialized with port(s): 8080 (http)
2020-03-29 17:53:23.637 [main] INFO  org.apache.coyote.http11.Http11NioProtocol - Initializing ProtocolHandler ["http-nio-8080"]
2020-03-29 17:53:23.638 [main] INFO  org.apache.catalina.core.StandardService - Starting service [Tomcat]
2020-03-29 17:53:23.638 [main] INFO  org.apache.catalina.core.StandardEngine - Starting Servlet engine: [Apache Tomcat/9.0.30]
2020-03-29 17:53:23.778 [main] INFO  org.apache.jasper.servlet.TldScanner - At least one JAR was scanned for TLDs yet contained no TLDs. Enable debug logging for this logger for a complete list of JARs that were scanned but no TLDs were found in them. Skipping unneeded JARs during scanning can improve startup time and JSP compilation time.
2020-03-29 17:53:23.780 [main] INFO  o.a.c.core.ContainerBase.[Tomcat].[localhost].[/] - Initializing Spring embedded WebApplicationContext
2020-03-29 17:53:23.780 [main] INFO  org.springframework.web.context.ContextLoader - Root WebApplicationContext: initialization completed in 763 ms
2020-03-29 17:53:24.448 [main] INFO  o.s.scheduling.concurrent.ThreadPoolTaskExecutor - Initializing ExecutorService 'applicationTaskExecutor'
2020-03-29 17:53:24.483 [main] INFO  o.s.b.a.web.servlet.WelcomePageHandlerMapping - Adding welcome page template: index
2020-03-29 17:53:24.566 [main] INFO  org.apache.coyote.http11.Http11NioProtocol - Starting ProtocolHandler ["http-nio-8080"]
2020-03-29 17:53:24.584 [main] INFO  o.s.boot.web.embedded.tomcat.TomcatWebServer - Tomcat started on port(s): 8080 (http) with context path ''
2020-03-29 17:53:24.586 [main] INFO  com.sjkcxx.SjkcxxApplication - Started SjkcxxApplication in 1.837 seconds (JVM running for 2.411)
2020-03-29 17:53:34.732 [http-nio-8080-exec-1] INFO  org.apache.tomcat.util.http.parser.Cookie - A cookie header was received [1585359746,1585379598,1585454126; JSESSIONID=3664EEF3FB0612CB355594F11ED0784F] that contained an invalid cookie. That cookie will be ignored.
 Note: further occurrences of this error will be logged at DEBUG level.
2020-03-29 17:53:34.735 [http-nio-8080-exec-1] INFO  o.a.c.core.ContainerBase.[Tomcat].[localhost].[/] - Initializing Spring DispatcherServlet 'dispatcherServlet'
2020-03-29 17:53:34.736 [http-nio-8080-exec-1] INFO  org.springframework.web.servlet.DispatcherServlet - Initializing Servlet 'dispatcherServlet'
2020-03-29 17:53:34.739 [http-nio-8080-exec-1] INFO  org.springframework.web.servlet.DispatcherServlet - Completed initialization in 3 ms
2020-03-29 17:53:36.139 [http-nio-8080-exec-4] INFO  com.alibaba.druid.pool.DruidDataSource - {dataSource-1} inited
2020-03-29 17:54:22.880 [main] INFO  com.sjkcxx.SjkcxxApplication - Starting SjkcxxApplication on DTT with PID 2652 (started by 小霸王 in D:\My Documents\java_workspace\Intellij\work\sjkcxx)
2020-03-29 17:54:22.882 [main] INFO  com.sjkcxx.SjkcxxApplication - No active profile set, falling back to default profiles: default
2020-03-29 17:54:23.584 [main] INFO  o.s.boot.web.embedded.tomcat.TomcatWebServer - Tomcat initialized with port(s): 8080 (http)
2020-03-29 17:54:23.590 [main] INFO  org.apache.coyote.http11.Http11NioProtocol - Initializing ProtocolHandler ["http-nio-8080"]
2020-03-29 17:54:23.591 [main] INFO  org.apache.catalina.core.StandardService - Starting service [Tomcat]
2020-03-29 17:54:23.591 [main] INFO  org.apache.catalina.core.StandardEngine - Starting Servlet engine: [Apache Tomcat/9.0.30]
2020-03-29 17:54:23.756 [main] INFO  org.apache.jasper.servlet.TldScanner - At least one JAR was scanned for TLDs yet contained no TLDs. Enable debug logging for this logger for a complete list of JARs that were scanned but no TLDs were found in them. Skipping unneeded JARs during scanning can improve startup time and JSP compilation time.
2020-03-29 17:54:23.758 [main] INFO  o.a.c.core.ContainerBase.[Tomcat].[localhost].[/] - Initializing Spring embedded WebApplicationContext
2020-03-29 17:54:23.758 [main] INFO  org.springframework.web.context.ContextLoader - Root WebApplicationContext: initialization completed in 843 ms
2020-03-29 17:54:24.503 [main] INFO  o.s.scheduling.concurrent.ThreadPoolTaskExecutor - Initializing ExecutorService 'applicationTaskExecutor'
2020-03-29 17:54:24.543 [main] INFO  o.s.b.a.web.servlet.WelcomePageHandlerMapping - Adding welcome page template: index
2020-03-29 17:54:24.633 [main] INFO  org.apache.coyote.http11.Http11NioProtocol - Starting ProtocolHandler ["http-nio-8080"]
2020-03-29 17:54:24.650 [main] INFO  o.s.boot.web.embedded.tomcat.TomcatWebServer - Tomcat started on port(s): 8080 (http) with context path ''
2020-03-29 17:54:24.652 [main] INFO  com.sjkcxx.SjkcxxApplication - Started SjkcxxApplication in 2.009 seconds (JVM running for 2.598)
2020-03-29 17:54:25.150 [http-nio-8080-exec-1] INFO  org.apache.tomcat.util.http.parser.Cookie - A cookie header was received [1585359746,1585379598,1585454126; JSESSIONID=F9C1D06816FBD256B6B20C7457D3A1E5] that contained an invalid cookie. That cookie will be ignored.
 Note: further occurrences of this error will be logged at DEBUG level.
2020-03-29 17:54:25.158 [http-nio-8080-exec-1] INFO  o.a.c.core.ContainerBase.[Tomcat].[localhost].[/] - Initializing Spring DispatcherServlet 'dispatcherServlet'
2020-03-29 17:54:25.158 [http-nio-8080-exec-1] INFO  org.springframework.web.servlet.DispatcherServlet - Initializing Servlet 'dispatcherServlet'
2020-03-29 17:54:25.163 [http-nio-8080-exec-1] INFO  org.springframework.web.servlet.DispatcherServlet - Completed initialization in 4 ms
2020-03-29 17:54:27.566 [http-nio-8080-exec-7] INFO  com.alibaba.druid.pool.DruidDataSource - {dataSource-1} inited
2020-03-29 17:54:46.467 [main] INFO  com.sjkcxx.SjkcxxApplication - Starting SjkcxxApplication on DTT with PID 1020 (started by 小霸王 in D:\My Documents\java_workspace\Intellij\work\sjkcxx)
2020-03-29 17:54:46.469 [main] INFO  com.sjkcxx.SjkcxxApplication - No active profile set, falling back to default profiles: default
2020-03-29 17:54:47.113 [main] INFO  o.s.boot.web.embedded.tomcat.TomcatWebServer - Tomcat initialized with port(s): 8080 (http)
2020-03-29 17:54:47.131 [main] INFO  org.apache.coyote.http11.Http11NioProtocol - Initializing ProtocolHandler ["http-nio-8080"]
2020-03-29 17:54:47.131 [main] INFO  org.apache.catalina.core.StandardService - Starting service [Tomcat]
2020-03-29 17:54:47.131 [main] INFO  org.apache.catalina.core.StandardEngine - Starting Servlet engine: [Apache Tomcat/9.0.30]
2020-03-29 17:54:47.274 [main] INFO  org.apache.jasper.servlet.TldScanner - At least one JAR was scanned for TLDs yet contained no TLDs. Enable debug logging for this logger for a complete list of JARs that were scanned but no TLDs were found in them. Skipping unneeded JARs during scanning can improve startup time and JSP compilation time.
2020-03-29 17:54:47.276 [main] INFO  o.a.c.core.ContainerBase.[Tomcat].[localhost].[/] - Initializing Spring embedded WebApplicationContext
2020-03-29 17:54:47.276 [main] INFO  org.springframework.web.context.ContextLoader - Root WebApplicationContext: initialization completed in 779 ms
2020-03-29 17:54:47.927 [main] INFO  o.s.scheduling.concurrent.ThreadPoolTaskExecutor - Initializing ExecutorService 'applicationTaskExecutor'
2020-03-29 17:54:47.963 [main] INFO  o.s.b.a.web.servlet.WelcomePageHandlerMapping - Adding welcome page template: index
2020-03-29 17:54:48.050 [main] INFO  org.apache.coyote.http11.Http11NioProtocol - Starting ProtocolHandler ["http-nio-8080"]
2020-03-29 17:54:48.067 [main] INFO  o.s.boot.web.embedded.tomcat.TomcatWebServer - Tomcat started on port(s): 8080 (http) with context path ''
2020-03-29 17:54:48.069 [main] INFO  com.sjkcxx.SjkcxxApplication - Started SjkcxxApplication in 1.837 seconds (JVM running for 2.419)
2020-03-29 17:54:49.730 [http-nio-8080-exec-1] INFO  org.apache.tomcat.util.http.parser.Cookie - A cookie header was received [1585359746,1585379598,1585454126; JSESSIONID=F96A631FC45EBC317A074C9F008638CA] that contained an invalid cookie. That cookie will be ignored.
 Note: further occurrences of this error will be logged at DEBUG level.
2020-03-29 17:54:49.733 [http-nio-8080-exec-1] INFO  o.a.c.core.ContainerBase.[Tomcat].[localhost].[/] - Initializing Spring DispatcherServlet 'dispatcherServlet'
2020-03-29 17:54:49.734 [http-nio-8080-exec-1] INFO  org.springframework.web.servlet.DispatcherServlet - Initializing Servlet 'dispatcherServlet'
2020-03-29 17:54:49.737 [http-nio-8080-exec-1] INFO  org.springframework.web.servlet.DispatcherServlet - Completed initialization in 3 ms
2020-03-29 17:54:50.762 [http-nio-8080-exec-8] INFO  com.alibaba.druid.pool.DruidDataSource - {dataSource-1} inited
2020-03-29 17:55:20.171 [main] INFO  com.sjkcxx.SjkcxxApplication - Starting SjkcxxApplication on DTT with PID 9364 (started by 小霸王 in D:\My Documents\java_workspace\Intellij\work\sjkcxx)
2020-03-29 17:55:20.173 [main] INFO  com.sjkcxx.SjkcxxApplication - No active profile set, falling back to default profiles: default
2020-03-29 17:55:20.836 [main] INFO  o.s.boot.web.embedded.tomcat.TomcatWebServer - Tomcat initialized with port(s): 8080 (http)
2020-03-29 17:55:20.842 [main] INFO  org.apache.coyote.http11.Http11NioProtocol - Initializing ProtocolHandler ["http-nio-8080"]
2020-03-29 17:55:20.842 [main] INFO  org.apache.catalina.core.StandardService - Starting service [Tomcat]
2020-03-29 17:55:20.842 [main] INFO  org.apache.catalina.core.StandardEngine - Starting Servlet engine: [Apache Tomcat/9.0.30]
2020-03-29 17:55:20.984 [main] INFO  org.apache.jasper.servlet.TldScanner - At least one JAR was scanned for TLDs yet contained no TLDs. Enable debug logging for this logger for a complete list of JARs that were scanned but no TLDs were found in them. Skipping unneeded JARs during scanning can improve startup time and JSP compilation time.
2020-03-29 17:55:20.987 [main] INFO  o.a.c.core.ContainerBase.[Tomcat].[localhost].[/] - Initializing Spring embedded WebApplicationContext
2020-03-29 17:55:20.987 [main] INFO  org.springframework.web.context.ContextLoader - Root WebApplicationContext: initialization completed in 785 ms
2020-03-29 17:55:21.660 [main] INFO  o.s.scheduling.concurrent.ThreadPoolTaskExecutor - Initializing ExecutorService 'applicationTaskExecutor'
2020-03-29 17:55:21.696 [main] INFO  o.s.b.a.web.servlet.WelcomePageHandlerMapping - Adding welcome page template: index
2020-03-29 17:55:21.784 [main] INFO  org.apache.coyote.http11.Http11NioProtocol - Starting ProtocolHandler ["http-nio-8080"]
2020-03-29 17:55:21.802 [main] INFO  o.s.boot.web.embedded.tomcat.TomcatWebServer - Tomcat started on port(s): 8080 (http) with context path ''
2020-03-29 17:55:21.804 [main] INFO  com.sjkcxx.SjkcxxApplication - Started SjkcxxApplication in 1.871 seconds (JVM running for 2.467)
2020-03-29 17:55:23.968 [http-nio-8080-exec-1] INFO  org.apache.tomcat.util.http.parser.Cookie - A cookie header was received [1585359746,1585379598,1585454126; JSESSIONID=789E9E9E57212550A3E4B22C6E5C8566] that contained an invalid cookie. That cookie will be ignored.
 Note: further occurrences of this error will be logged at DEBUG level.
2020-03-29 17:55:23.972 [http-nio-8080-exec-1] INFO  o.a.c.core.ContainerBase.[Tomcat].[localhost].[/] - Initializing Spring DispatcherServlet 'dispatcherServlet'
2020-03-29 17:55:23.972 [http-nio-8080-exec-1] INFO  org.springframework.web.servlet.DispatcherServlet - Initializing Servlet 'dispatcherServlet'
2020-03-29 17:55:23.976 [http-nio-8080-exec-1] INFO  org.springframework.web.servlet.DispatcherServlet - Completed initialization in 4 ms
2020-03-29 17:55:25.048 [http-nio-8080-exec-7] INFO  com.alibaba.druid.pool.DruidDataSource - {dataSource-1} inited
