2020-05-10 09:44:41.698 [main] INFO  com.sjkcxx.SjkcxxApplication - Starting SjkcxxApplication on DTT with PID 17476 (started by 小霸王 in D:\My Documents\java_workspace\Intellij\work\sjkcxx)
2020-05-10 09:44:41.698 [main] INFO  com.sjkcxx.SjkcxxApplication - No active profile set, falling back to default profiles: default
2020-05-10 09:44:42.604 [main] INFO  o.s.boot.web.embedded.tomcat.TomcatWebServer - Tomcat initialized with port(s): 8083 (http)
2020-05-10 09:44:42.604 [main] INFO  org.apache.coyote.http11.Http11NioProtocol - Initializing ProtocolHandler ["http-nio-8083"]
2020-05-10 09:44:42.604 [main] INFO  org.apache.catalina.core.StandardService - Starting service [Tomcat]
2020-05-10 09:44:42.604 [main] INFO  org.apache.catalina.core.StandardEngine - Starting Servlet engine: [Apache Tomcat/9.0.30]
2020-05-10 09:44:42.791 [main] INFO  org.apache.jasper.servlet.TldScanner - At least one JAR was scanned for TLDs yet contained no TLDs. Enable debug logging for this logger for a complete list of JARs that were scanned but no TLDs were found in them. Skipping unneeded JARs during scanning can improve startup time and JSP compilation time.
2020-05-10 09:44:42.791 [main] INFO  o.a.c.core.ContainerBase.[Tomcat].[localhost].[/] - Initializing Spring embedded WebApplicationContext
2020-05-10 09:44:42.791 [main] INFO  org.springframework.web.context.ContextLoader - Root WebApplicationContext: initialization completed in 1062 ms
2020-05-10 09:44:43.713 [main] INFO  o.s.scheduling.concurrent.ThreadPoolTaskExecutor - Initializing ExecutorService 'applicationTaskExecutor'
2020-05-10 09:44:43.760 [main] INFO  o.s.b.a.web.servlet.WelcomePageHandlerMapping - Adding welcome page template: index
2020-05-10 09:44:43.869 [main] INFO  org.apache.coyote.http11.Http11NioProtocol - Starting ProtocolHandler ["http-nio-8083"]
2020-05-10 09:44:43.900 [main] INFO  o.s.boot.web.embedded.tomcat.TomcatWebServer - Tomcat started on port(s): 8083 (http) with context path ''
2020-05-10 09:44:43.900 [main] INFO  com.sjkcxx.SjkcxxApplication - Started SjkcxxApplication in 2.518 seconds (JVM running for 3.968)
2020-05-10 09:45:03.124 [http-nio-8083-exec-1] INFO  org.apache.tomcat.util.http.parser.Cookie - A cookie header was received [1588564874,1588572578,1588642952] that contained an invalid cookie. That cookie will be ignored.
 Note: further occurrences of this error will be logged at DEBUG level.
2020-05-10 09:45:03.129 [http-nio-8083-exec-1] INFO  o.a.c.core.ContainerBase.[Tomcat].[localhost].[/] - Initializing Spring DispatcherServlet 'dispatcherServlet'
2020-05-10 09:45:03.129 [http-nio-8083-exec-1] INFO  org.springframework.web.servlet.DispatcherServlet - Initializing Servlet 'dispatcherServlet'
2020-05-10 09:45:03.131 [http-nio-8083-exec-1] INFO  org.springframework.web.servlet.DispatcherServlet - Completed initialization in 1 ms
2020-05-10 09:45:12.540 [http-nio-8083-exec-4] INFO  com.alibaba.druid.pool.DruidDataSource - {dataSource-1} inited
2020-05-10 09:45:43.181 [SpringContextShutdownHook] INFO  o.s.scheduling.concurrent.ThreadPoolTaskExecutor - Shutting down ExecutorService 'applicationTaskExecutor'
2020-05-10 09:45:43.181 [SpringContextShutdownHook] INFO  com.alibaba.druid.pool.DruidDataSource - {dataSource-1} closed
2020-05-10 09:45:46.158 [main] INFO  com.sjkcxx.SjkcxxApplication - Starting SjkcxxApplication on DTT with PID 19792 (started by 小霸王 in D:\My Documents\java_workspace\Intellij\work\sjkcxx)
2020-05-10 09:45:46.158 [main] INFO  com.sjkcxx.SjkcxxApplication - No active profile set, falling back to default profiles: default
2020-05-10 09:45:47.002 [main] INFO  o.s.boot.web.embedded.tomcat.TomcatWebServer - Tomcat initialized with port(s): 8083 (http)
2020-05-10 09:45:47.017 [main] INFO  org.apache.coyote.http11.Http11NioProtocol - Initializing ProtocolHandler ["http-nio-8083"]
2020-05-10 09:45:47.017 [main] INFO  org.apache.catalina.core.StandardService - Starting service [Tomcat]
2020-05-10 09:45:47.017 [main] INFO  org.apache.catalina.core.StandardEngine - Starting Servlet engine: [Apache Tomcat/9.0.30]
2020-05-10 09:45:47.191 [main] INFO  org.apache.jasper.servlet.TldScanner - At least one JAR was scanned for TLDs yet contained no TLDs. Enable debug logging for this logger for a complete list of JARs that were scanned but no TLDs were found in them. Skipping unneeded JARs during scanning can improve startup time and JSP compilation time.
2020-05-10 09:45:47.191 [main] INFO  o.a.c.core.ContainerBase.[Tomcat].[localhost].[/] - Initializing Spring embedded WebApplicationContext
2020-05-10 09:45:47.191 [main] INFO  org.springframework.web.context.ContextLoader - Root WebApplicationContext: initialization completed in 1002 ms
2020-05-10 09:45:47.987 [main] INFO  o.s.scheduling.concurrent.ThreadPoolTaskExecutor - Initializing ExecutorService 'applicationTaskExecutor'
2020-05-10 09:45:48.026 [main] INFO  o.s.b.a.web.servlet.WelcomePageHandlerMapping - Adding welcome page template: index
2020-05-10 09:45:48.151 [main] INFO  org.apache.coyote.http11.Http11NioProtocol - Starting ProtocolHandler ["http-nio-8083"]
2020-05-10 09:45:48.167 [main] INFO  o.s.boot.web.embedded.tomcat.TomcatWebServer - Tomcat started on port(s): 8083 (http) with context path ''
2020-05-10 09:45:48.183 [main] INFO  com.sjkcxx.SjkcxxApplication - Started SjkcxxApplication in 2.298 seconds (JVM running for 3.107)
2020-05-10 09:45:50.584 [http-nio-8083-exec-1] INFO  org.apache.tomcat.util.http.parser.Cookie - A cookie header was received [1588564874,1588572578,1588642952; JSESSIONID=917A7CB338B8D26DB449332940AF33A3] that contained an invalid cookie. That cookie will be ignored.
 Note: further occurrences of this error will be logged at DEBUG level.
2020-05-10 09:45:50.589 [http-nio-8083-exec-1] INFO  o.a.c.core.ContainerBase.[Tomcat].[localhost].[/] - Initializing Spring DispatcherServlet 'dispatcherServlet'
2020-05-10 09:45:50.589 [http-nio-8083-exec-1] INFO  org.springframework.web.servlet.DispatcherServlet - Initializing Servlet 'dispatcherServlet'
2020-05-10 09:45:50.593 [http-nio-8083-exec-1] INFO  org.springframework.web.servlet.DispatcherServlet - Completed initialization in 4 ms
2020-05-10 09:45:52.701 [http-nio-8083-exec-5] INFO  com.alibaba.druid.pool.DruidDataSource - {dataSource-1} inited
2020-05-10 09:46:04.112 [SpringContextShutdownHook] INFO  o.s.scheduling.concurrent.ThreadPoolTaskExecutor - Shutting down ExecutorService 'applicationTaskExecutor'
2020-05-10 09:46:04.112 [SpringContextShutdownHook] INFO  com.alibaba.druid.pool.DruidDataSource - {dataSource-1} closed
2020-05-10 09:46:07.051 [main] INFO  com.sjkcxx.SjkcxxApplication - Starting SjkcxxApplication on DTT with PID 2140 (started by 小霸王 in D:\My Documents\java_workspace\Intellij\work\sjkcxx)
2020-05-10 09:46:07.051 [main] INFO  com.sjkcxx.SjkcxxApplication - No active profile set, falling back to default profiles: default
2020-05-10 09:46:07.832 [main] INFO  o.s.boot.web.embedded.tomcat.TomcatWebServer - Tomcat initialized with port(s): 8083 (http)
2020-05-10 09:46:07.848 [main] INFO  org.apache.coyote.http11.Http11NioProtocol - Initializing ProtocolHandler ["http-nio-8083"]
2020-05-10 09:46:07.848 [main] INFO  org.apache.catalina.core.StandardService - Starting service [Tomcat]
2020-05-10 09:46:07.848 [main] INFO  org.apache.catalina.core.StandardEngine - Starting Servlet engine: [Apache Tomcat/9.0.30]
2020-05-10 09:46:08.020 [main] INFO  org.apache.jasper.servlet.TldScanner - At least one JAR was scanned for TLDs yet contained no TLDs. Enable debug logging for this logger for a complete list of JARs that were scanned but no TLDs were found in them. Skipping unneeded JARs during scanning can improve startup time and JSP compilation time.
2020-05-10 09:46:08.020 [main] INFO  o.a.c.core.ContainerBase.[Tomcat].[localhost].[/] - Initializing Spring embedded WebApplicationContext
2020-05-10 09:46:08.020 [main] INFO  org.springframework.web.context.ContextLoader - Root WebApplicationContext: initialization completed in 938 ms
2020-05-10 09:46:08.810 [main] INFO  o.s.scheduling.concurrent.ThreadPoolTaskExecutor - Initializing ExecutorService 'applicationTaskExecutor'
2020-05-10 09:46:08.857 [main] INFO  o.s.b.a.web.servlet.WelcomePageHandlerMapping - Adding welcome page template: index
2020-05-10 09:46:08.966 [main] INFO  org.apache.coyote.http11.Http11NioProtocol - Starting ProtocolHandler ["http-nio-8083"]
2020-05-10 09:46:08.982 [main] INFO  o.s.boot.web.embedded.tomcat.TomcatWebServer - Tomcat started on port(s): 8083 (http) with context path ''
2020-05-10 09:46:08.982 [main] INFO  com.sjkcxx.SjkcxxApplication - Started SjkcxxApplication in 2.214 seconds (JVM running for 2.992)
2020-05-10 09:47:00.278 [http-nio-8083-exec-1] INFO  org.apache.tomcat.util.http.parser.Cookie - A cookie header was received [1588564874,1588572578,1588642952; JSESSIONID=3BDA4EB700699C24DB3E8B5441572CA1] that contained an invalid cookie. That cookie will be ignored.
 Note: further occurrences of this error will be logged at DEBUG level.
2020-05-10 09:47:00.284 [http-nio-8083-exec-1] INFO  o.a.c.core.ContainerBase.[Tomcat].[localhost].[/] - Initializing Spring DispatcherServlet 'dispatcherServlet'
2020-05-10 09:47:00.284 [http-nio-8083-exec-1] INFO  org.springframework.web.servlet.DispatcherServlet - Initializing Servlet 'dispatcherServlet'
2020-05-10 09:47:00.291 [http-nio-8083-exec-1] INFO  org.springframework.web.servlet.DispatcherServlet - Completed initialization in 7 ms
2020-05-10 09:47:17.955 [http-nio-8083-exec-9] INFO  com.alibaba.druid.pool.DruidDataSource - {dataSource-1} inited
2020-05-10 09:49:51.694 [SpringContextShutdownHook] INFO  o.s.scheduling.concurrent.ThreadPoolTaskExecutor - Shutting down ExecutorService 'applicationTaskExecutor'
2020-05-10 09:49:51.694 [SpringContextShutdownHook] INFO  com.alibaba.druid.pool.DruidDataSource - {dataSource-1} closed
2020-05-10 09:49:54.827 [main] INFO  com.sjkcxx.SjkcxxApplication - Starting SjkcxxApplication on DTT with PID 18840 (started by 小霸王 in D:\My Documents\java_workspace\Intellij\work\sjkcxx)
2020-05-10 09:49:54.827 [main] INFO  com.sjkcxx.SjkcxxApplication - No active profile set, falling back to default profiles: default
2020-05-10 09:49:55.641 [main] INFO  o.s.boot.web.embedded.tomcat.TomcatWebServer - Tomcat initialized with port(s): 8083 (http)
2020-05-10 09:49:55.641 [main] INFO  org.apache.coyote.http11.Http11NioProtocol - Initializing ProtocolHandler ["http-nio-8083"]
2020-05-10 09:49:55.641 [main] INFO  org.apache.catalina.core.StandardService - Starting service [Tomcat]
2020-05-10 09:49:55.641 [main] INFO  org.apache.catalina.core.StandardEngine - Starting Servlet engine: [Apache Tomcat/9.0.30]
2020-05-10 09:49:55.828 [main] INFO  org.apache.jasper.servlet.TldScanner - At least one JAR was scanned for TLDs yet contained no TLDs. Enable debug logging for this logger for a complete list of JARs that were scanned but no TLDs were found in them. Skipping unneeded JARs during scanning can improve startup time and JSP compilation time.
2020-05-10 09:49:55.828 [main] INFO  o.a.c.core.ContainerBase.[Tomcat].[localhost].[/] - Initializing Spring embedded WebApplicationContext
2020-05-10 09:49:55.828 [main] INFO  org.springframework.web.context.ContextLoader - Root WebApplicationContext: initialization completed in 969 ms
2020-05-10 09:49:56.719 [main] INFO  o.s.scheduling.concurrent.ThreadPoolTaskExecutor - Initializing ExecutorService 'applicationTaskExecutor'
2020-05-10 09:49:56.782 [main] INFO  o.s.b.a.web.servlet.WelcomePageHandlerMapping - Adding welcome page template: index
2020-05-10 09:49:56.891 [main] INFO  org.apache.coyote.http11.Http11NioProtocol - Starting ProtocolHandler ["http-nio-8083"]
2020-05-10 09:49:56.922 [main] INFO  o.s.boot.web.embedded.tomcat.TomcatWebServer - Tomcat started on port(s): 8083 (http) with context path ''
2020-05-10 09:49:56.922 [main] INFO  com.sjkcxx.SjkcxxApplication - Started SjkcxxApplication in 2.417 seconds (JVM running for 3.218)
2020-05-10 09:49:57.997 [http-nio-8083-exec-1] INFO  org.apache.tomcat.util.http.parser.Cookie - A cookie header was received [1588572578,1588642952,1589075305; Hm_lpvt_d97abf6d61c21d773f97835defbdef4e=1589075305] that contained an invalid cookie. That cookie will be ignored.
 Note: further occurrences of this error will be logged at DEBUG level.
2020-05-10 09:49:58.002 [http-nio-8083-exec-1] INFO  o.a.c.core.ContainerBase.[Tomcat].[localhost].[/] - Initializing Spring DispatcherServlet 'dispatcherServlet'
2020-05-10 09:49:58.002 [http-nio-8083-exec-1] INFO  org.springframework.web.servlet.DispatcherServlet - Initializing Servlet 'dispatcherServlet'
2020-05-10 09:49:58.007 [http-nio-8083-exec-1] INFO  org.springframework.web.servlet.DispatcherServlet - Completed initialization in 5 ms
2020-05-10 09:50:01.639 [http-nio-8083-exec-5] INFO  com.alibaba.druid.pool.DruidDataSource - {dataSource-1} inited
2020-05-10 09:50:58.413 [SpringContextShutdownHook] INFO  o.s.scheduling.concurrent.ThreadPoolTaskExecutor - Shutting down ExecutorService 'applicationTaskExecutor'
2020-05-10 09:50:58.413 [SpringContextShutdownHook] INFO  com.alibaba.druid.pool.DruidDataSource - {dataSource-1} closed
2020-05-10 09:51:01.426 [main] INFO  com.sjkcxx.SjkcxxApplication - Starting SjkcxxApplication on DTT with PID 14004 (started by 小霸王 in D:\My Documents\java_workspace\Intellij\work\sjkcxx)
2020-05-10 09:51:01.428 [main] INFO  com.sjkcxx.SjkcxxApplication - No active profile set, falling back to default profiles: default
2020-05-10 09:51:02.234 [main] INFO  o.s.boot.web.embedded.tomcat.TomcatWebServer - Tomcat initialized with port(s): 8083 (http)
2020-05-10 09:51:02.241 [main] INFO  org.apache.coyote.http11.Http11NioProtocol - Initializing ProtocolHandler ["http-nio-8083"]
2020-05-10 09:51:02.242 [main] INFO  org.apache.catalina.core.StandardService - Starting service [Tomcat]
2020-05-10 09:51:02.242 [main] INFO  org.apache.catalina.core.StandardEngine - Starting Servlet engine: [Apache Tomcat/9.0.30]
2020-05-10 09:51:02.427 [main] INFO  org.apache.jasper.servlet.TldScanner - At least one JAR was scanned for TLDs yet contained no TLDs. Enable debug logging for this logger for a complete list of JARs that were scanned but no TLDs were found in them. Skipping unneeded JARs during scanning can improve startup time and JSP compilation time.
2020-05-10 09:51:02.429 [main] INFO  o.a.c.core.ContainerBase.[Tomcat].[localhost].[/] - Initializing Spring embedded WebApplicationContext
2020-05-10 09:51:02.430 [main] INFO  org.springframework.web.context.ContextLoader - Root WebApplicationContext: initialization completed in 963 ms
2020-05-10 09:51:03.247 [main] INFO  o.s.scheduling.concurrent.ThreadPoolTaskExecutor - Initializing ExecutorService 'applicationTaskExecutor'
2020-05-10 09:51:03.300 [main] INFO  o.s.b.a.web.servlet.WelcomePageHandlerMapping - Adding welcome page template: index
2020-05-10 09:51:03.423 [main] INFO  org.apache.coyote.http11.Http11NioProtocol - Starting ProtocolHandler ["http-nio-8083"]
2020-05-10 09:51:03.448 [main] INFO  o.s.boot.web.embedded.tomcat.TomcatWebServer - Tomcat started on port(s): 8083 (http) with context path ''
2020-05-10 09:51:03.451 [main] INFO  com.sjkcxx.SjkcxxApplication - Started SjkcxxApplication in 2.329 seconds (JVM running for 3.183)
2020-05-10 09:51:03.496 [http-nio-8083-exec-1] INFO  org.apache.tomcat.util.http.parser.Cookie - A cookie header was received [1588572578,1588642952,1589075305; JSESSIONID=FA2ACE0B2FB165E56E2D064589419852; Hm_lpvt_d97abf6d61c21d773f97835defbdef4e=1589075403] that contained an invalid cookie. That cookie will be ignored.
 Note: further occurrences of this error will be logged at DEBUG level.
2020-05-10 09:51:03.502 [http-nio-8083-exec-1] INFO  o.a.c.core.ContainerBase.[Tomcat].[localhost].[/] - Initializing Spring DispatcherServlet 'dispatcherServlet'
2020-05-10 09:51:03.502 [http-nio-8083-exec-1] INFO  org.springframework.web.servlet.DispatcherServlet - Initializing Servlet 'dispatcherServlet'
2020-05-10 09:51:03.507 [http-nio-8083-exec-1] INFO  org.springframework.web.servlet.DispatcherServlet - Completed initialization in 5 ms
2020-05-10 09:51:09.199 [http-nio-8083-exec-5] INFO  com.alibaba.druid.pool.DruidDataSource - {dataSource-1} inited
2020-05-10 09:51:54.715 [SpringContextShutdownHook] INFO  o.s.scheduling.concurrent.ThreadPoolTaskExecutor - Shutting down ExecutorService 'applicationTaskExecutor'
2020-05-10 09:51:54.715 [SpringContextShutdownHook] INFO  com.alibaba.druid.pool.DruidDataSource - {dataSource-1} closed
2020-05-10 09:51:57.747 [main] INFO  com.sjkcxx.SjkcxxApplication - Starting SjkcxxApplication on DTT with PID 15460 (started by 小霸王 in D:\My Documents\java_workspace\Intellij\work\sjkcxx)
2020-05-10 09:51:57.751 [main] INFO  com.sjkcxx.SjkcxxApplication - No active profile set, falling back to default profiles: default
2020-05-10 09:51:58.665 [main] INFO  o.s.boot.web.embedded.tomcat.TomcatWebServer - Tomcat initialized with port(s): 8083 (http)
2020-05-10 09:51:58.680 [main] INFO  org.apache.coyote.http11.Http11NioProtocol - Initializing ProtocolHandler ["http-nio-8083"]
2020-05-10 09:51:58.680 [main] INFO  org.apache.catalina.core.StandardService - Starting service [Tomcat]
2020-05-10 09:51:58.680 [main] INFO  org.apache.catalina.core.StandardEngine - Starting Servlet engine: [Apache Tomcat/9.0.30]
2020-05-10 09:51:58.851 [main] INFO  org.apache.jasper.servlet.TldScanner - At least one JAR was scanned for TLDs yet contained no TLDs. Enable debug logging for this logger for a complete list of JARs that were scanned but no TLDs were found in them. Skipping unneeded JARs during scanning can improve startup time and JSP compilation time.
2020-05-10 09:51:58.851 [main] INFO  o.a.c.core.ContainerBase.[Tomcat].[localhost].[/] - Initializing Spring embedded WebApplicationContext
2020-05-10 09:51:58.851 [main] INFO  org.springframework.web.context.ContextLoader - Root WebApplicationContext: initialization completed in 1031 ms
2020-05-10 09:51:59.652 [main] INFO  o.s.scheduling.concurrent.ThreadPoolTaskExecutor - Initializing ExecutorService 'applicationTaskExecutor'
2020-05-10 09:51:59.708 [main] INFO  o.s.b.a.web.servlet.WelcomePageHandlerMapping - Adding welcome page template: index
2020-05-10 09:51:59.819 [main] INFO  org.apache.coyote.http11.Http11NioProtocol - Starting ProtocolHandler ["http-nio-8083"]
2020-05-10 09:51:59.841 [main] INFO  o.s.boot.web.embedded.tomcat.TomcatWebServer - Tomcat started on port(s): 8083 (http) with context path ''
2020-05-10 09:51:59.844 [main] INFO  com.sjkcxx.SjkcxxApplication - Started SjkcxxApplication in 2.38 seconds (JVM running for 3.194)
2020-05-10 09:52:00.524 [http-nio-8083-exec-1] INFO  org.apache.tomcat.util.http.parser.Cookie - A cookie header was received [1588572578,1588642952,1589075305; JSESSIONID=32CAFBC6BE9AE41273FB028F935C9019; Hm_lpvt_d97abf6d61c21d773f97835defbdef4e=1589075475] that contained an invalid cookie. That cookie will be ignored.
 Note: further occurrences of this error will be logged at DEBUG level.
2020-05-10 09:52:00.529 [http-nio-8083-exec-1] INFO  o.a.c.core.ContainerBase.[Tomcat].[localhost].[/] - Initializing Spring DispatcherServlet 'dispatcherServlet'
2020-05-10 09:52:00.530 [http-nio-8083-exec-1] INFO  org.springframework.web.servlet.DispatcherServlet - Initializing Servlet 'dispatcherServlet'
2020-05-10 09:52:00.533 [http-nio-8083-exec-1] INFO  org.springframework.web.servlet.DispatcherServlet - Completed initialization in 3 ms
2020-05-10 09:52:03.737 [http-nio-8083-exec-5] INFO  com.alibaba.druid.pool.DruidDataSource - {dataSource-1} inited
2020-05-10 09:53:02.176 [SpringContextShutdownHook] INFO  o.s.scheduling.concurrent.ThreadPoolTaskExecutor - Shutting down ExecutorService 'applicationTaskExecutor'
2020-05-10 09:53:02.176 [SpringContextShutdownHook] INFO  com.alibaba.druid.pool.DruidDataSource - {dataSource-1} closed
2020-05-10 09:53:05.122 [main] INFO  com.sjkcxx.SjkcxxApplication - Starting SjkcxxApplication on DTT with PID 13680 (started by 小霸王 in D:\My Documents\java_workspace\Intellij\work\sjkcxx)
2020-05-10 09:53:05.122 [main] INFO  com.sjkcxx.SjkcxxApplication - No active profile set, falling back to default profiles: default
2020-05-10 09:53:05.928 [main] INFO  o.s.boot.web.embedded.tomcat.TomcatWebServer - Tomcat initialized with port(s): 8083 (http)
2020-05-10 09:53:05.928 [main] INFO  org.apache.coyote.http11.Http11NioProtocol - Initializing ProtocolHandler ["http-nio-8083"]
2020-05-10 09:53:05.928 [main] INFO  org.apache.catalina.core.StandardService - Starting service [Tomcat]
2020-05-10 09:53:05.928 [main] INFO  org.apache.catalina.core.StandardEngine - Starting Servlet engine: [Apache Tomcat/9.0.30]
2020-05-10 09:53:06.097 [main] INFO  org.apache.jasper.servlet.TldScanner - At least one JAR was scanned for TLDs yet contained no TLDs. Enable debug logging for this logger for a complete list of JARs that were scanned but no TLDs were found in them. Skipping unneeded JARs during scanning can improve startup time and JSP compilation time.
2020-05-10 09:53:06.113 [main] INFO  o.a.c.core.ContainerBase.[Tomcat].[localhost].[/] - Initializing Spring embedded WebApplicationContext
2020-05-10 09:53:06.113 [main] INFO  org.springframework.web.context.ContextLoader - Root WebApplicationContext: initialization completed in 959 ms
2020-05-10 09:53:06.883 [main] INFO  o.s.scheduling.concurrent.ThreadPoolTaskExecutor - Initializing ExecutorService 'applicationTaskExecutor'
2020-05-10 09:53:06.930 [main] INFO  o.s.b.a.web.servlet.WelcomePageHandlerMapping - Adding welcome page template: index
2020-05-10 09:53:07.047 [main] INFO  org.apache.coyote.http11.Http11NioProtocol - Starting ProtocolHandler ["http-nio-8083"]
2020-05-10 09:53:07.063 [main] INFO  o.s.boot.web.embedded.tomcat.TomcatWebServer - Tomcat started on port(s): 8083 (http) with context path ''
2020-05-10 09:53:07.063 [main] INFO  com.sjkcxx.SjkcxxApplication - Started SjkcxxApplication in 2.224 seconds (JVM running for 2.987)
2020-05-10 09:53:10.248 [http-nio-8083-exec-1] INFO  org.apache.tomcat.util.http.parser.Cookie - A cookie header was received [1588572578,1588642952,1589075305; JSESSIONID=091C76788F84245FFC3D4452ADD66CA9; Hm_lpvt_d97abf6d61c21d773f97835defbdef4e=1589075580] that contained an invalid cookie. That cookie will be ignored.
 Note: further occurrences of this error will be logged at DEBUG level.
2020-05-10 09:53:10.253 [http-nio-8083-exec-1] INFO  o.a.c.core.ContainerBase.[Tomcat].[localhost].[/] - Initializing Spring DispatcherServlet 'dispatcherServlet'
2020-05-10 09:53:10.253 [http-nio-8083-exec-1] INFO  org.springframework.web.servlet.DispatcherServlet - Initializing Servlet 'dispatcherServlet'
2020-05-10 09:53:10.257 [http-nio-8083-exec-1] INFO  org.springframework.web.servlet.DispatcherServlet - Completed initialization in 4 ms
2020-05-10 09:53:13.775 [http-nio-8083-exec-5] INFO  com.alibaba.druid.pool.DruidDataSource - {dataSource-1} inited
2020-05-10 09:53:30.563 [SpringContextShutdownHook] INFO  o.s.scheduling.concurrent.ThreadPoolTaskExecutor - Shutting down ExecutorService 'applicationTaskExecutor'
2020-05-10 09:53:30.563 [SpringContextShutdownHook] INFO  com.alibaba.druid.pool.DruidDataSource - {dataSource-1} closed
2020-05-10 09:53:33.580 [main] INFO  com.sjkcxx.SjkcxxApplication - Starting SjkcxxApplication on DTT with PID 18688 (started by 小霸王 in D:\My Documents\java_workspace\Intellij\work\sjkcxx)
2020-05-10 09:53:33.583 [main] INFO  com.sjkcxx.SjkcxxApplication - No active profile set, falling back to default profiles: default
2020-05-10 09:53:34.428 [main] INFO  o.s.boot.web.embedded.tomcat.TomcatWebServer - Tomcat initialized with port(s): 8083 (http)
2020-05-10 09:53:34.435 [main] INFO  org.apache.coyote.http11.Http11NioProtocol - Initializing ProtocolHandler ["http-nio-8083"]
2020-05-10 09:53:34.435 [main] INFO  org.apache.catalina.core.StandardService - Starting service [Tomcat]
2020-05-10 09:53:34.435 [main] INFO  org.apache.catalina.core.StandardEngine - Starting Servlet engine: [Apache Tomcat/9.0.30]
2020-05-10 09:53:34.607 [main] INFO  org.apache.jasper.servlet.TldScanner - At least one JAR was scanned for TLDs yet contained no TLDs. Enable debug logging for this logger for a complete list of JARs that were scanned but no TLDs were found in them. Skipping unneeded JARs during scanning can improve startup time and JSP compilation time.
2020-05-10 09:53:34.610 [main] INFO  o.a.c.core.ContainerBase.[Tomcat].[localhost].[/] - Initializing Spring embedded WebApplicationContext
2020-05-10 09:53:34.610 [main] INFO  org.springframework.web.context.ContextLoader - Root WebApplicationContext: initialization completed in 990 ms
2020-05-10 09:53:35.465 [main] INFO  o.s.scheduling.concurrent.ThreadPoolTaskExecutor - Initializing ExecutorService 'applicationTaskExecutor'
2020-05-10 09:53:35.517 [main] INFO  o.s.b.a.web.servlet.WelcomePageHandlerMapping - Adding welcome page template: index
2020-05-10 09:53:35.628 [main] INFO  org.apache.coyote.http11.Http11NioProtocol - Starting ProtocolHandler ["http-nio-8083"]
2020-05-10 09:53:35.650 [main] INFO  o.s.boot.web.embedded.tomcat.TomcatWebServer - Tomcat started on port(s): 8083 (http) with context path ''
2020-05-10 09:53:35.653 [main] INFO  com.sjkcxx.SjkcxxApplication - Started SjkcxxApplication in 2.369 seconds (JVM running for 3.195)
2020-05-10 09:53:35.711 [http-nio-8083-exec-1] INFO  org.apache.tomcat.util.http.parser.Cookie - A cookie header was received [1588572578,1588642952,1589075305; JSESSIONID=C3C631B028E0B2A300CA1BCC11ED8B7D; Hm_lpvt_d97abf6d61c21d773f97835defbdef4e=1589075609] that contained an invalid cookie. That cookie will be ignored.
 Note: further occurrences of this error will be logged at DEBUG level.
2020-05-10 09:53:35.722 [http-nio-8083-exec-1] INFO  o.a.c.core.ContainerBase.[Tomcat].[localhost].[/] - Initializing Spring DispatcherServlet 'dispatcherServlet'
2020-05-10 09:53:35.722 [http-nio-8083-exec-1] INFO  org.springframework.web.servlet.DispatcherServlet - Initializing Servlet 'dispatcherServlet'
2020-05-10 09:53:35.736 [http-nio-8083-exec-1] INFO  org.springframework.web.servlet.DispatcherServlet - Completed initialization in 14 ms
2020-05-10 09:53:39.172 [http-nio-8083-exec-5] INFO  com.alibaba.druid.pool.DruidDataSource - {dataSource-1} inited
2020-05-10 09:54:01.608 [SpringContextShutdownHook] INFO  o.s.scheduling.concurrent.ThreadPoolTaskExecutor - Shutting down ExecutorService 'applicationTaskExecutor'
2020-05-10 09:54:01.612 [SpringContextShutdownHook] INFO  com.alibaba.druid.pool.DruidDataSource - {dataSource-1} closed
2020-05-10 09:54:04.594 [main] INFO  com.sjkcxx.SjkcxxApplication - Starting SjkcxxApplication on DTT with PID 7484 (started by 小霸王 in D:\My Documents\java_workspace\Intellij\work\sjkcxx)
2020-05-10 09:54:04.596 [main] INFO  com.sjkcxx.SjkcxxApplication - No active profile set, falling back to default profiles: default
2020-05-10 09:54:05.425 [main] INFO  o.s.boot.web.embedded.tomcat.TomcatWebServer - Tomcat initialized with port(s): 8083 (http)
2020-05-10 09:54:05.433 [main] INFO  org.apache.coyote.http11.Http11NioProtocol - Initializing ProtocolHandler ["http-nio-8083"]
2020-05-10 09:54:05.434 [main] INFO  org.apache.catalina.core.StandardService - Starting service [Tomcat]
2020-05-10 09:54:05.434 [main] INFO  org.apache.catalina.core.StandardEngine - Starting Servlet engine: [Apache Tomcat/9.0.30]
2020-05-10 09:54:05.623 [main] INFO  org.apache.jasper.servlet.TldScanner - At least one JAR was scanned for TLDs yet contained no TLDs. Enable debug logging for this logger for a complete list of JARs that were scanned but no TLDs were found in them. Skipping unneeded JARs during scanning can improve startup time and JSP compilation time.
2020-05-10 09:54:05.626 [main] INFO  o.a.c.core.ContainerBase.[Tomcat].[localhost].[/] - Initializing Spring embedded WebApplicationContext
2020-05-10 09:54:05.626 [main] INFO  org.springframework.web.context.ContextLoader - Root WebApplicationContext: initialization completed in 992 ms
2020-05-10 09:54:06.467 [main] INFO  o.s.scheduling.concurrent.ThreadPoolTaskExecutor - Initializing ExecutorService 'applicationTaskExecutor'
2020-05-10 09:54:06.517 [main] INFO  o.s.b.a.web.servlet.WelcomePageHandlerMapping - Adding welcome page template: index
2020-05-10 09:54:06.627 [main] INFO  org.apache.coyote.http11.Http11NioProtocol - Starting ProtocolHandler ["http-nio-8083"]
2020-05-10 09:54:06.652 [main] INFO  o.s.boot.web.embedded.tomcat.TomcatWebServer - Tomcat started on port(s): 8083 (http) with context path ''
2020-05-10 09:54:06.654 [main] INFO  com.sjkcxx.SjkcxxApplication - Started SjkcxxApplication in 2.389 seconds (JVM running for 3.166)
2020-05-10 09:54:06.770 [http-nio-8083-exec-1] INFO  org.apache.tomcat.util.http.parser.Cookie - A cookie header was received [1588572578,1588642952,1589075305; JSESSIONID=CFE95CEF6366EBD065B953404941047A; Hm_lpvt_d97abf6d61c21d773f97835defbdef4e=1589075620] that contained an invalid cookie. That cookie will be ignored.
 Note: further occurrences of this error will be logged at DEBUG level.
2020-05-10 09:54:06.775 [http-nio-8083-exec-1] INFO  o.a.c.core.ContainerBase.[Tomcat].[localhost].[/] - Initializing Spring DispatcherServlet 'dispatcherServlet'
2020-05-10 09:54:06.775 [http-nio-8083-exec-1] INFO  org.springframework.web.servlet.DispatcherServlet - Initializing Servlet 'dispatcherServlet'
2020-05-10 09:54:06.780 [http-nio-8083-exec-1] INFO  org.springframework.web.servlet.DispatcherServlet - Completed initialization in 5 ms
2020-05-10 09:54:09.788 [http-nio-8083-exec-6] INFO  com.alibaba.druid.pool.DruidDataSource - {dataSource-1} inited
2020-05-10 09:54:27.196 [SpringContextShutdownHook] INFO  o.s.scheduling.concurrent.ThreadPoolTaskExecutor - Shutting down ExecutorService 'applicationTaskExecutor'
2020-05-10 09:54:27.196 [SpringContextShutdownHook] INFO  com.alibaba.druid.pool.DruidDataSource - {dataSource-1} closed
2020-05-10 09:54:30.193 [main] INFO  com.sjkcxx.SjkcxxApplication - Starting SjkcxxApplication on DTT with PID 11492 (started by 小霸王 in D:\My Documents\java_workspace\Intellij\work\sjkcxx)
2020-05-10 09:54:30.193 [main] INFO  com.sjkcxx.SjkcxxApplication - No active profile set, falling back to default profiles: default
2020-05-10 09:54:30.990 [main] INFO  o.s.boot.web.embedded.tomcat.TomcatWebServer - Tomcat initialized with port(s): 8083 (http)
2020-05-10 09:54:30.990 [main] INFO  org.apache.coyote.http11.Http11NioProtocol - Initializing ProtocolHandler ["http-nio-8083"]
2020-05-10 09:54:30.990 [main] INFO  org.apache.catalina.core.StandardService - Starting service [Tomcat]
2020-05-10 09:54:30.990 [main] INFO  org.apache.catalina.core.StandardEngine - Starting Servlet engine: [Apache Tomcat/9.0.30]
2020-05-10 09:54:31.186 [main] INFO  org.apache.jasper.servlet.TldScanner - At least one JAR was scanned for TLDs yet contained no TLDs. Enable debug logging for this logger for a complete list of JARs that were scanned but no TLDs were found in them. Skipping unneeded JARs during scanning can improve startup time and JSP compilation time.
2020-05-10 09:54:31.186 [main] INFO  o.a.c.core.ContainerBase.[Tomcat].[localhost].[/] - Initializing Spring embedded WebApplicationContext
2020-05-10 09:54:31.186 [main] INFO  org.springframework.web.context.ContextLoader - Root WebApplicationContext: initialization completed in 946 ms
2020-05-10 09:54:32.009 [main] INFO  o.s.scheduling.concurrent.ThreadPoolTaskExecutor - Initializing ExecutorService 'applicationTaskExecutor'
2020-05-10 09:54:32.072 [main] INFO  o.s.b.a.web.servlet.WelcomePageHandlerMapping - Adding welcome page template: index
2020-05-10 09:54:32.165 [main] INFO  org.apache.coyote.http11.Http11NioProtocol - Starting ProtocolHandler ["http-nio-8083"]
2020-05-10 09:54:32.197 [main] INFO  o.s.boot.web.embedded.tomcat.TomcatWebServer - Tomcat started on port(s): 8083 (http) with context path ''
2020-05-10 09:54:32.197 [main] INFO  com.sjkcxx.SjkcxxApplication - Started SjkcxxApplication in 2.273 seconds (JVM running for 3.047)
2020-05-10 09:54:33.391 [http-nio-8083-exec-1] INFO  org.apache.tomcat.util.http.parser.Cookie - A cookie header was received [1588572578,1588642952,1589075305; JSESSIONID=E6B8C3C8C2F679A4E26FEBBC32CC19C7; Hm_lpvt_d97abf6d61c21d773f97835defbdef4e=1589075651] that contained an invalid cookie. That cookie will be ignored.
 Note: further occurrences of this error will be logged at DEBUG level.
2020-05-10 09:54:33.396 [http-nio-8083-exec-1] INFO  o.a.c.core.ContainerBase.[Tomcat].[localhost].[/] - Initializing Spring DispatcherServlet 'dispatcherServlet'
2020-05-10 09:54:33.396 [http-nio-8083-exec-1] INFO  org.springframework.web.servlet.DispatcherServlet - Initializing Servlet 'dispatcherServlet'
2020-05-10 09:54:33.400 [http-nio-8083-exec-1] INFO  org.springframework.web.servlet.DispatcherServlet - Completed initialization in 4 ms
2020-05-10 09:54:35.902 [http-nio-8083-exec-5] INFO  com.alibaba.druid.pool.DruidDataSource - {dataSource-1} inited
2020-05-10 10:13:15.099 [SpringContextShutdownHook] INFO  o.s.scheduling.concurrent.ThreadPoolTaskExecutor - Shutting down ExecutorService 'applicationTaskExecutor'
2020-05-10 10:13:15.099 [SpringContextShutdownHook] INFO  com.alibaba.druid.pool.DruidDataSource - {dataSource-1} closed
