2020-03-27 20:08:08.026 [main] INFO  com.sjkcxx.SjkcxxApplication - Starting SjkcxxApplication on DTT with PID 12768 (started by 小霸王 in D:\My Documents\java_workspace\Intellij\work\sjkcxx)
2020-03-27 20:08:08.026 [main] INFO  com.sjkcxx.SjkcxxApplication - No active profile set, falling back to default profiles: default
2020-03-27 20:08:08.745 [main] INFO  o.s.boot.web.embedded.tomcat.TomcatWebServer - Tomcat initialized with port(s): 8080 (http)
2020-03-27 20:08:08.760 [main] INFO  org.apache.coyote.http11.Http11NioProtocol - Initializing ProtocolHandler ["http-nio-8080"]
2020-03-27 20:08:08.760 [main] INFO  org.apache.catalina.core.StandardService - Starting service [Tomcat]
2020-03-27 20:08:08.760 [main] INFO  org.apache.catalina.core.StandardEngine - Starting Servlet engine: [Apache Tomcat/9.0.30]
2020-03-27 20:08:08.917 [main] INFO  org.apache.jasper.servlet.TldScanner - At least one JAR was scanned for TLDs yet contained no TLDs. Enable debug logging for this logger for a complete list of JARs that were scanned but no TLDs were found in them. Skipping unneeded JARs during scanning can improve startup time and JSP compilation time.
2020-03-27 20:08:08.917 [main] INFO  o.a.c.core.ContainerBase.[Tomcat].[localhost].[/] - Initializing Spring embedded WebApplicationContext
2020-03-27 20:08:08.917 [main] INFO  org.springframework.web.context.ContextLoader - Root WebApplicationContext: initialization completed in 860 ms
2020-03-27 20:08:09.665 [main] INFO  o.s.scheduling.concurrent.ThreadPoolTaskExecutor - Initializing ExecutorService 'applicationTaskExecutor'
2020-03-27 20:08:09.711 [main] INFO  o.s.b.a.web.servlet.WelcomePageHandlerMapping - Adding welcome page template: index
2020-03-27 20:08:09.805 [main] INFO  org.apache.coyote.http11.Http11NioProtocol - Starting ProtocolHandler ["http-nio-8080"]
2020-03-27 20:08:09.821 [main] INFO  o.s.boot.web.embedded.tomcat.TomcatWebServer - Tomcat started on port(s): 8080 (http) with context path ''
2020-03-27 20:08:09.836 [main] INFO  com.sjkcxx.SjkcxxApplication - Started SjkcxxApplication in 2.064 seconds (JVM running for 2.776)
2020-03-27 20:08:14.757 [http-nio-8080-exec-1] INFO  org.apache.tomcat.util.http.parser.Cookie - A cookie header was received [1584968326,1585056712,1585228759] that contained an invalid cookie. That cookie will be ignored.
 Note: further occurrences of this error will be logged at DEBUG level.
2020-03-27 20:08:14.761 [http-nio-8080-exec-1] INFO  o.a.c.core.ContainerBase.[Tomcat].[localhost].[/] - Initializing Spring DispatcherServlet 'dispatcherServlet'
2020-03-27 20:08:14.762 [http-nio-8080-exec-1] INFO  org.springframework.web.servlet.DispatcherServlet - Initializing Servlet 'dispatcherServlet'
2020-03-27 20:08:14.766 [http-nio-8080-exec-1] INFO  org.springframework.web.servlet.DispatcherServlet - Completed initialization in 4 ms
2020-03-27 20:08:18.863 [http-nio-8080-exec-2] INFO  com.alibaba.druid.pool.DruidDataSource - {dataSource-1} inited
