2020-03-25 10:05:26.420 [main] INFO  com.sjkcxx.SjkcxxApplication - Starting SjkcxxApplication on DTT with PID 16940 (started by 小霸王 in D:\My Documents\java_workspace\Intellij\work\sjkcxx)
2020-03-25 10:05:26.422 [main] INFO  com.sjkcxx.SjkcxxApplication - No active profile set, falling back to default profiles: default
2020-03-25 10:05:27.223 [main] INFO  o.s.boot.web.embedded.tomcat.TomcatWebServer - Tomcat initialized with port(s): 8080 (http)
2020-03-25 10:05:27.230 [main] INFO  org.apache.coyote.http11.Http11NioProtocol - Initializing ProtocolHandler ["http-nio-8080"]
2020-03-25 10:05:27.230 [main] INFO  org.apache.catalina.core.StandardService - Starting service [Tomcat]
2020-03-25 10:05:27.230 [main] INFO  org.apache.catalina.core.StandardEngine - Starting Servlet engine: [Apache Tomcat/9.0.30]
2020-03-25 10:05:27.385 [main] INFO  org.apache.jasper.servlet.TldScanner - At least one JAR was scanned for TLDs yet contained no TLDs. Enable debug logging for this logger for a complete list of JARs that were scanned but no TLDs were found in them. Skipping unneeded JARs during scanning can improve startup time and JSP compilation time.
2020-03-25 10:05:27.389 [main] INFO  o.a.c.core.ContainerBase.[Tomcat].[localhost].[/] - Initializing Spring embedded WebApplicationContext
2020-03-25 10:05:27.389 [main] INFO  org.springframework.web.context.ContextLoader - Root WebApplicationContext: initialization completed in 927 ms
2020-03-25 10:05:28.186 [main] INFO  o.s.scheduling.concurrent.ThreadPoolTaskExecutor - Initializing ExecutorService 'applicationTaskExecutor'
2020-03-25 10:05:28.236 [main] INFO  o.s.b.a.web.servlet.WelcomePageHandlerMapping - Adding welcome page template: index
2020-03-25 10:05:28.345 [main] INFO  org.apache.coyote.http11.Http11NioProtocol - Starting ProtocolHandler ["http-nio-8080"]
2020-03-25 10:05:28.364 [main] INFO  o.s.boot.web.embedded.tomcat.TomcatWebServer - Tomcat started on port(s): 8080 (http) with context path ''
2020-03-25 10:05:28.366 [main] INFO  com.sjkcxx.SjkcxxApplication - Started SjkcxxApplication in 2.244 seconds (JVM running for 2.95)
2020-03-25 21:29:57.091 [main] INFO  com.sjkcxx.SjkcxxApplication - Starting SjkcxxApplication on DTT with PID 15008 (started by 小霸王 in D:\My Documents\java_workspace\Intellij\work\sjkcxx)
2020-03-25 21:29:57.092 [main] INFO  com.sjkcxx.SjkcxxApplication - No active profile set, falling back to default profiles: default
2020-03-25 21:29:57.870 [main] INFO  o.s.boot.web.embedded.tomcat.TomcatWebServer - Tomcat initialized with port(s): 8080 (http)
2020-03-25 21:29:57.877 [main] INFO  org.apache.coyote.http11.Http11NioProtocol - Initializing ProtocolHandler ["http-nio-8080"]
2020-03-25 21:29:57.877 [main] INFO  org.apache.catalina.core.StandardService - Starting service [Tomcat]
2020-03-25 21:29:57.877 [main] INFO  org.apache.catalina.core.StandardEngine - Starting Servlet engine: [Apache Tomcat/9.0.30]
2020-03-25 21:29:58.060 [main] INFO  org.apache.jasper.servlet.TldScanner - At least one JAR was scanned for TLDs yet contained no TLDs. Enable debug logging for this logger for a complete list of JARs that were scanned but no TLDs were found in them. Skipping unneeded JARs during scanning can improve startup time and JSP compilation time.
2020-03-25 21:29:58.063 [main] INFO  o.a.c.core.ContainerBase.[Tomcat].[localhost].[/] - Initializing Spring embedded WebApplicationContext
2020-03-25 21:29:58.063 [main] INFO  org.springframework.web.context.ContextLoader - Root WebApplicationContext: initialization completed in 938 ms
2020-03-25 21:29:58.872 [main] INFO  o.s.scheduling.concurrent.ThreadPoolTaskExecutor - Initializing ExecutorService 'applicationTaskExecutor'
2020-03-25 21:29:58.927 [main] INFO  o.s.b.a.web.servlet.WelcomePageHandlerMapping - Adding welcome page template: index
2020-03-25 21:29:59.037 [main] INFO  org.apache.coyote.http11.Http11NioProtocol - Starting ProtocolHandler ["http-nio-8080"]
2020-03-25 21:29:59.057 [main] INFO  o.s.boot.web.embedded.tomcat.TomcatWebServer - Tomcat started on port(s): 8080 (http) with context path ''
2020-03-25 21:29:59.059 [main] INFO  com.sjkcxx.SjkcxxApplication - Started SjkcxxApplication in 2.254 seconds (JVM running for 2.926)
