2020-03-24 21:31:44.474 [main] INFO  com.sjkcxx.SjkcxxApplication - Starting SjkcxxApplication on DTT with PID 17028 (started by 小霸王 in D:\My Documents\java_workspace\Intellij\work\sjkcxx)
2020-03-24 21:31:44.476 [main] INFO  com.sjkcxx.SjkcxxApplication - No active profile set, falling back to default profiles: default
2020-03-24 21:31:45.372 [main] INFO  o.s.boot.web.embedded.tomcat.TomcatWebServer - Tomcat initialized with port(s): 8080 (http)
2020-03-24 21:31:45.378 [main] INFO  org.apache.coyote.http11.Http11NioProtocol - Initializing ProtocolHandler ["http-nio-8080"]
2020-03-24 21:31:45.379 [main] INFO  org.apache.catalina.core.StandardService - Starting service [Tomcat]
2020-03-24 21:31:45.379 [main] INFO  org.apache.catalina.core.StandardEngine - Starting Servlet engine: [Apache Tomcat/9.0.30]
2020-03-24 21:31:45.542 [main] INFO  org.apache.jasper.servlet.TldScanner - At least one JAR was scanned for TLDs yet contained no TLDs. Enable debug logging for this logger for a complete list of JARs that were scanned but no TLDs were found in them. Skipping unneeded JARs during scanning can improve startup time and JSP compilation time.
2020-03-24 21:31:45.545 [main] INFO  o.a.c.core.ContainerBase.[Tomcat].[localhost].[/] - Initializing Spring embedded WebApplicationContext
2020-03-24 21:31:45.545 [main] INFO  org.springframework.web.context.ContextLoader - Root WebApplicationContext: initialization completed in 1026 ms
2020-03-24 21:31:46.425 [main] INFO  o.s.scheduling.concurrent.ThreadPoolTaskExecutor - Initializing ExecutorService 'applicationTaskExecutor'
2020-03-24 21:31:46.473 [main] INFO  o.s.b.a.web.servlet.WelcomePageHandlerMapping - Adding welcome page template: index
2020-03-24 21:31:46.581 [main] INFO  org.apache.coyote.http11.Http11NioProtocol - Starting ProtocolHandler ["http-nio-8080"]
2020-03-24 21:31:46.610 [main] INFO  o.s.boot.web.embedded.tomcat.TomcatWebServer - Tomcat started on port(s): 8080 (http) with context path ''
2020-03-24 21:31:46.612 [main] INFO  com.sjkcxx.SjkcxxApplication - Started SjkcxxApplication in 2.454 seconds (JVM running for 3.243)
2020-03-24 21:31:49.246 [http-nio-8080-exec-1] INFO  org.apache.tomcat.util.http.parser.Cookie - A cookie header was received [1584776200,1584844144,1584968326] that contained an invalid cookie. That cookie will be ignored.
 Note: further occurrences of this error will be logged at DEBUG level.
2020-03-24 21:31:49.251 [http-nio-8080-exec-1] INFO  o.a.c.core.ContainerBase.[Tomcat].[localhost].[/] - Initializing Spring DispatcherServlet 'dispatcherServlet'
2020-03-24 21:31:49.252 [http-nio-8080-exec-1] INFO  org.springframework.web.servlet.DispatcherServlet - Initializing Servlet 'dispatcherServlet'
2020-03-24 21:31:49.255 [http-nio-8080-exec-1] INFO  org.springframework.web.servlet.DispatcherServlet - Completed initialization in 3 ms
2020-03-24 21:31:50.643 [http-nio-8080-exec-3] INFO  com.alibaba.druid.pool.DruidDataSource - {dataSource-1} inited
2020-03-24 21:32:01.640 [main] INFO  com.sjkcxx.SjkcxxApplication - Starting SjkcxxApplication on DTT with PID 5424 (started by 小霸王 in D:\My Documents\java_workspace\Intellij\work\sjkcxx)
2020-03-24 21:32:01.645 [main] INFO  com.sjkcxx.SjkcxxApplication - No active profile set, falling back to default profiles: default
2020-03-24 21:32:02.609 [main] INFO  o.s.boot.web.embedded.tomcat.TomcatWebServer - Tomcat initialized with port(s): 8080 (http)
2020-03-24 21:32:02.643 [main] INFO  org.apache.coyote.http11.Http11NioProtocol - Initializing ProtocolHandler ["http-nio-8080"]
2020-03-24 21:32:02.644 [main] INFO  org.apache.catalina.core.StandardService - Starting service [Tomcat]
2020-03-24 21:32:02.644 [main] INFO  org.apache.catalina.core.StandardEngine - Starting Servlet engine: [Apache Tomcat/9.0.30]
2020-03-24 21:32:02.824 [main] INFO  org.apache.jasper.servlet.TldScanner - At least one JAR was scanned for TLDs yet contained no TLDs. Enable debug logging for this logger for a complete list of JARs that were scanned but no TLDs were found in them. Skipping unneeded JARs during scanning can improve startup time and JSP compilation time.
2020-03-24 21:32:02.827 [main] INFO  o.a.c.core.ContainerBase.[Tomcat].[localhost].[/] - Initializing Spring embedded WebApplicationContext
2020-03-24 21:32:02.827 [main] INFO  org.springframework.web.context.ContextLoader - Root WebApplicationContext: initialization completed in 1134 ms
2020-03-24 21:32:03.734 [main] INFO  o.s.scheduling.concurrent.ThreadPoolTaskExecutor - Initializing ExecutorService 'applicationTaskExecutor'
2020-03-24 21:32:03.787 [main] INFO  o.s.b.a.web.servlet.WelcomePageHandlerMapping - Adding welcome page template: index
2020-03-24 21:32:03.908 [main] INFO  org.apache.coyote.http11.Http11NioProtocol - Starting ProtocolHandler ["http-nio-8080"]
2020-03-24 21:32:03.929 [main] INFO  o.s.boot.web.embedded.tomcat.TomcatWebServer - Tomcat started on port(s): 8080 (http) with context path ''
2020-03-24 21:32:03.931 [main] INFO  com.sjkcxx.SjkcxxApplication - Started SjkcxxApplication in 2.653 seconds (JVM running for 3.677)
2020-03-24 21:32:04.041 [http-nio-8080-exec-1] INFO  org.apache.tomcat.util.http.parser.Cookie - A cookie header was received [1584844144,1584968326,1585056712; Hm_lpvt_d97abf6d61c21d773f97835defbdef4e=1585056712] that contained an invalid cookie. That cookie will be ignored.
 Note: further occurrences of this error will be logged at DEBUG level.
2020-03-24 21:32:04.046 [http-nio-8080-exec-1] INFO  o.a.c.core.ContainerBase.[Tomcat].[localhost].[/] - Initializing Spring DispatcherServlet 'dispatcherServlet'
2020-03-24 21:32:04.046 [http-nio-8080-exec-1] INFO  org.springframework.web.servlet.DispatcherServlet - Initializing Servlet 'dispatcherServlet'
2020-03-24 21:32:04.060 [http-nio-8080-exec-1] INFO  org.springframework.web.servlet.DispatcherServlet - Completed initialization in 14 ms
2020-03-24 21:32:05.173 [http-nio-8080-exec-4] INFO  com.alibaba.druid.pool.DruidDataSource - {dataSource-1} inited
2020-03-24 21:33:35.548 [http-nio-8080-exec-4] WARN  o.s.w.s.m.support.DefaultHandlerExceptionResolver - Resolved [org.springframework.web.HttpRequestMethodNotSupportedException: Request method 'POST' not supported]
2020-03-24 21:34:34.951 [SpringContextShutdownHook] INFO  o.s.scheduling.concurrent.ThreadPoolTaskExecutor - Shutting down ExecutorService 'applicationTaskExecutor'
2020-03-24 21:34:34.952 [SpringContextShutdownHook] INFO  com.alibaba.druid.pool.DruidDataSource - {dataSource-1} closed
2020-03-24 21:36:49.726 [main] INFO  com.sjkcxx.SjkcxxApplication - Starting SjkcxxApplication on DTT with PID 18748 (started by 小霸王 in D:\My Documents\java_workspace\Intellij\work\sjkcxx)
2020-03-24 21:36:49.726 [main] INFO  com.sjkcxx.SjkcxxApplication - No active profile set, falling back to default profiles: default
2020-03-24 21:36:50.461 [main] INFO  o.s.boot.web.embedded.tomcat.TomcatWebServer - Tomcat initialized with port(s): 8080 (http)
2020-03-24 21:36:50.461 [main] INFO  org.apache.coyote.http11.Http11NioProtocol - Initializing ProtocolHandler ["http-nio-8080"]
2020-03-24 21:36:50.461 [main] INFO  org.apache.catalina.core.StandardService - Starting service [Tomcat]
2020-03-24 21:36:50.461 [main] INFO  org.apache.catalina.core.StandardEngine - Starting Servlet engine: [Apache Tomcat/9.0.30]
2020-03-24 21:36:50.602 [main] INFO  org.apache.jasper.servlet.TldScanner - At least one JAR was scanned for TLDs yet contained no TLDs. Enable debug logging for this logger for a complete list of JARs that were scanned but no TLDs were found in them. Skipping unneeded JARs during scanning can improve startup time and JSP compilation time.
2020-03-24 21:36:50.602 [main] INFO  o.a.c.core.ContainerBase.[Tomcat].[localhost].[/] - Initializing Spring embedded WebApplicationContext
2020-03-24 21:36:50.602 [main] INFO  org.springframework.web.context.ContextLoader - Root WebApplicationContext: initialization completed in 845 ms
2020-03-24 21:36:51.409 [main] INFO  o.s.scheduling.concurrent.ThreadPoolTaskExecutor - Initializing ExecutorService 'applicationTaskExecutor'
2020-03-24 21:36:51.451 [main] INFO  o.s.b.a.web.servlet.WelcomePageHandlerMapping - Adding welcome page template: index
2020-03-24 21:36:51.556 [main] INFO  org.apache.coyote.http11.Http11NioProtocol - Starting ProtocolHandler ["http-nio-8080"]
2020-03-24 21:36:51.578 [main] INFO  o.s.boot.web.embedded.tomcat.TomcatWebServer - Tomcat started on port(s): 8080 (http) with context path ''
2020-03-24 21:36:51.580 [main] INFO  com.sjkcxx.SjkcxxApplication - Started SjkcxxApplication in 2.109 seconds (JVM running for 2.684)
2020-03-24 21:36:53.426 [http-nio-8080-exec-1] INFO  org.apache.tomcat.util.http.parser.Cookie - A cookie header was received [1584844144,1584968326,1585056712; JSESSIONID=B97A4BB1A64ACB6F64B4B781CDFA4FA4; Hm_lpvt_d97abf6d61c21d773f97835defbdef4e=1585056858] that contained an invalid cookie. That cookie will be ignored.
 Note: further occurrences of this error will be logged at DEBUG level.
2020-03-24 21:36:53.429 [http-nio-8080-exec-1] INFO  o.a.c.core.ContainerBase.[Tomcat].[localhost].[/] - Initializing Spring DispatcherServlet 'dispatcherServlet'
2020-03-24 21:36:53.430 [http-nio-8080-exec-1] INFO  org.springframework.web.servlet.DispatcherServlet - Initializing Servlet 'dispatcherServlet'
2020-03-24 21:36:53.433 [http-nio-8080-exec-1] INFO  org.springframework.web.servlet.DispatcherServlet - Completed initialization in 3 ms
2020-03-24 21:36:54.404 [http-nio-8080-exec-7] INFO  com.alibaba.druid.pool.DruidDataSource - {dataSource-1} inited
2020-03-24 21:37:04.028 [http-nio-8080-exec-1] WARN  o.s.w.s.m.support.DefaultHandlerExceptionResolver - Resolved [org.springframework.web.HttpRequestMethodNotSupportedException: Request method 'POST' not supported]
2020-03-24 21:37:11.862 [http-nio-8080-exec-3] WARN  o.s.w.s.m.support.DefaultHandlerExceptionResolver - Resolved [org.springframework.web.HttpRequestMethodNotSupportedException: Request method 'POST' not supported]
